[28/04/2024][12:34:24] Se ha creado una nueva partida con 4pugadores, 1personas y 3Rondas
[28/04/2024][12:48:53] Se ha creado una nueva partida con 4pugadores, 1personas y 3Rondas
[28/04/2024][12:52:00] Se ha creado una nueva partida con 4pugadores, 1personas y 3Rondas
[28/04/2024][13:26:38] Se ha creado una nueva partida con 4pugadores, 1personas y 3Rondas
[28/04/2024][13:32:29] Se ha creado una nueva partida con 1pugadores, 4personas y 3Rondas
[28/04/2024][13:32:44] Se ha creado una nueva partida con 4pugadores, 1personas y 3Rondas
[28/04/2024][13:34:43] Se ha creado una nueva partida con 4pugadores, 1personas y 3Rondas
[28/04/2024][13:39:27] Se ha creado una nueva partida con 4pugadores, 1personas y 3Rondas
[28/04/2024][13:42:11] Se ha creado una nueva partida con 4pugadores, 1personas y 3Rondas
[28/04/2024][13:43:00] Se ha creado una nueva partida con 4pugadores, 1personas y 3Rondas
[28/04/2024][14:01:44] Se ha creado una nueva partida con 4pugadores, 1personas y 3Rondas
[28/04/2024][14:03:33] Se ha a単adido un nuevo jugador llamado Crespo
[28/04/2024][14:03:47] Se ha creado una nueva partida con 4pugadores, 2personas y 3Rondas
[28/04/2024][14:05:35] Se ha creado una nueva partida con 4pugadores, 2personas y 3Rondas
[28/04/2024][14:10:42] Se ha creado una nueva partida con 4pugadores, 1personas y 3Rondas
[28/04/2024][17:08:18] Se ha creado una nueva partida con 4 jugadores, 2 personas y 3 Rondas
[28/04/2024][17:11:05] Se ha mostrado el Ranking
[28/04/2024][17:13:39] Se ha creado una nueva partida con 4 jugadores, 1 personas y 3 Rondas
[28/04/2024][17:16:12] Se ha creado una nueva partida con 4 jugadores, 1 personas y 3 Rondas
[28/04/2024][17:16:34] Se ha creado una nueva partida con 4 jugadores, 1 personas y 3 Rondas
[28/04/2024][17:22:41] Se ha creado una nueva partida con 4 jugadores, 1 personas y 3 Rondas
[28/04/2024][17:26:35] Se ha creado una nueva partida con 4 jugadores, 1 personas y 3 Rondas
[28/04/2024][17:27:59] Se ha mostrado el Ranking
[28/04/2024][17:48:51] Se ha creado una nueva partida con 4 jugadores, 1 personas y 3 Rondas
[28/04/2024][17:56:02] Se ha creado una nueva partida con 4 jugadores, 1 personas y 3 Rondas
[28/04/2024][17:57:54] Se ha mostrado el Ranking
[28/04/2024][17:58:56] Se ha creado una nueva partida con 4 jugadores, 1 personas y 3 Rondas
[28/04/2024][18:33:19] Se ha creado una nueva partida con 4 jugadores, 1 personas y 3 Rondas
[28/04/2024][18:35:24] Se ha mostrado el Ranking
[28/04/2024][18:46:10] Se ha a単adido un nuevo jugador llamado volver
[28/04/2024][18:49:05] Se ha a単adido un nuevo jugador llamado javeir
[28/04/2024][18:50:08] Se ha a単adido un nuevo jugador llamado pedro
[28/04/2024][18:50:46] Se ha mostrado el Ranking
[28/04/2024][18:50:53] Se ha eliminado el jugador asd
[28/04/2024][18:57:17] Se ha creado una nueva partida con 4 jugadores, 1 personas y 3 Rondas
[28/04/2024][18:59:16] Se ha mostrado el Ranking
[28/04/2024][19:08:48] Se ha creado una nueva partida con 4 jugadores, 1 personas y 3 Rondas
[28/04/2024][19:13:14] Se ha mostrado el Ranking
[28/04/2024][19:20:02] Se ha creado una nueva partida con 4 jugadores, 1 personas y 3 Rondas
[28/04/2024][19:21:34] Se ha mostrado el Ranking
[28/04/2024][19:28:40] Se ha creado una nueva partida con 4 jugadores, 1 personas y 3 Rondas
[28/04/2024][19:30:46] Se ha mostrado el Ranking
[28/04/2024][19:59:44] Se ha creado una nueva partida con 4 jugadores, 1 personas y 3 Rondas
[28/04/2024][20:08:08] Se ha mostrado el Ranking
[28/04/2024][20:08:20] Se ha mostrado el Ranking
[28/04/2024][20:08:30] Se ha mostrado el Ranking
[28/04/2024][20:08:33] Se ha mostrado el Ranking
